running egg_info
creating ../../build/ros2_swarm_demo/ros2_swarm_demo.egg-info
writing ../../build/ros2_swarm_demo/ros2_swarm_demo.egg-info/PKG-INFO
writing dependency_links to ../../build/ros2_swarm_demo/ros2_swarm_demo.egg-info/dependency_links.txt
writing entry points to ../../build/ros2_swarm_demo/ros2_swarm_demo.egg-info/entry_points.txt
writing requirements to ../../build/ros2_swarm_demo/ros2_swarm_demo.egg-info/requires.txt
writing top-level names to ../../build/ros2_swarm_demo/ros2_swarm_demo.egg-info/top_level.txt
writing manifest file '../../build/ros2_swarm_demo/ros2_swarm_demo.egg-info/SOURCES.txt'
reading manifest file '../../build/ros2_swarm_demo/ros2_swarm_demo.egg-info/SOURCES.txt'
writing manifest file '../../build/ros2_swarm_demo/ros2_swarm_demo.egg-info/SOURCES.txt'
running build
running build_py
creating /home/user/ros2_ws/build/ros2_swarm_demo/build
creating /home/user/ros2_ws/build/ros2_swarm_demo/build/lib
creating /home/user/ros2_ws/build/ros2_swarm_demo/build/lib/ros2_swarm_demo
copying ros2_swarm_demo/__init__.py -> /home/user/ros2_ws/build/ros2_swarm_demo/build/lib/ros2_swarm_demo
running install
running install_lib
creating /home/user/ros2_ws/install/ros2_swarm_demo/lib/python3.8/site-packages/ros2_swarm_demo
copying /home/user/ros2_ws/build/ros2_swarm_demo/build/lib/ros2_swarm_demo/__init__.py -> /home/user/ros2_ws/install/ros2_swarm_demo/lib/python3.8/site-packages/ros2_swarm_demo
byte-compiling /home/user/ros2_ws/install/ros2_swarm_demo/lib/python3.8/site-packages/ros2_swarm_demo/__init__.py to __init__.cpython-38.pyc
running install_data
creating /home/user/ros2_ws/install/ros2_swarm_demo/share/ament_index
creating /home/user/ros2_ws/install/ros2_swarm_demo/share/ament_index/resource_index
creating /home/user/ros2_ws/install/ros2_swarm_demo/share/ament_index/resource_index/packages
copying resource/ros2_swarm_demo -> /home/user/ros2_ws/install/ros2_swarm_demo/share/ament_index/resource_index/packages
copying package.xml -> /home/user/ros2_ws/install/ros2_swarm_demo/share/ros2_swarm_demo
running install_egg_info
Copying ../../build/ros2_swarm_demo/ros2_swarm_demo.egg-info to /home/user/ros2_ws/install/ros2_swarm_demo/lib/python3.8/site-packages/ros2_swarm_demo-0.0.0-py3.8.egg-info
running install_scripts
writing list of installed files to '/home/user/ros2_ws/build/ros2_swarm_demo/install.log'
