[0.373s] Invoking command in '/home/user/ros2_ws/src/ros2_swarm_demo': PYTHONPATH=/home/user/ros2_ws/install/ros2_swarm_demo/lib/python3.8/site-packages:${PYTHONPATH} _=/usr/bin/env /usr/bin/python3 setup.py egg_info --egg-base ../../build/ros2_swarm_demo build --build-base /home/user/ros2_ws/build/ros2_swarm_demo/build install --prefix /home/user/ros2_ws/install/ros2_swarm_demo --record /home/user/ros2_ws/build/ros2_swarm_demo/install.log --single-version-externally-managed
[0.808s] running egg_info
[0.808s] creating ../../build/ros2_swarm_demo/ros2_swarm_demo.egg-info
[0.808s] writing ../../build/ros2_swarm_demo/ros2_swarm_demo.egg-info/PKG-INFO
[0.809s] writing dependency_links to ../../build/ros2_swarm_demo/ros2_swarm_demo.egg-info/dependency_links.txt
[0.809s] writing entry points to ../../build/ros2_swarm_demo/ros2_swarm_demo.egg-info/entry_points.txt
[0.809s] writing requirements to ../../build/ros2_swarm_demo/ros2_swarm_demo.egg-info/requires.txt
[0.809s] writing top-level names to ../../build/ros2_swarm_demo/ros2_swarm_demo.egg-info/top_level.txt
[0.815s] writing manifest file '../../build/ros2_swarm_demo/ros2_swarm_demo.egg-info/SOURCES.txt'
[0.869s] reading manifest file '../../build/ros2_swarm_demo/ros2_swarm_demo.egg-info/SOURCES.txt'
[0.870s] writing manifest file '../../build/ros2_swarm_demo/ros2_swarm_demo.egg-info/SOURCES.txt'
[0.870s] running build
[0.870s] running build_py
[0.871s] creating /home/user/ros2_ws/build/ros2_swarm_demo/build
[0.871s] creating /home/user/ros2_ws/build/ros2_swarm_demo/build/lib
[0.871s] creating /home/user/ros2_ws/build/ros2_swarm_demo/build/lib/ros2_swarm_demo
[0.871s] copying ros2_swarm_demo/__init__.py -> /home/user/ros2_ws/build/ros2_swarm_demo/build/lib/ros2_swarm_demo
[0.871s] running install
[0.872s] running install_lib
[0.874s] creating /home/user/ros2_ws/install/ros2_swarm_demo/lib/python3.8/site-packages/ros2_swarm_demo
[0.874s] copying /home/user/ros2_ws/build/ros2_swarm_demo/build/lib/ros2_swarm_demo/__init__.py -> /home/user/ros2_ws/install/ros2_swarm_demo/lib/python3.8/site-packages/ros2_swarm_demo
[0.875s] byte-compiling /home/user/ros2_ws/install/ros2_swarm_demo/lib/python3.8/site-packages/ros2_swarm_demo/__init__.py to __init__.cpython-38.pyc
[0.875s] running install_data
[0.876s] creating /home/user/ros2_ws/install/ros2_swarm_demo/share/ament_index
[0.876s] creating /home/user/ros2_ws/install/ros2_swarm_demo/share/ament_index/resource_index
[0.876s] creating /home/user/ros2_ws/install/ros2_swarm_demo/share/ament_index/resource_index/packages
[0.877s] copying resource/ros2_swarm_demo -> /home/user/ros2_ws/install/ros2_swarm_demo/share/ament_index/resource_index/packages
[0.877s] copying package.xml -> /home/user/ros2_ws/install/ros2_swarm_demo/share/ros2_swarm_demo
[0.877s] running install_egg_info
[0.880s] Copying ../../build/ros2_swarm_demo/ros2_swarm_demo.egg-info to /home/user/ros2_ws/install/ros2_swarm_demo/lib/python3.8/site-packages/ros2_swarm_demo-0.0.0-py3.8.egg-info
[0.881s] running install_scripts
[0.904s] writing list of installed files to '/home/user/ros2_ws/build/ros2_swarm_demo/install.log'
[0.925s] Invoked command in '/home/user/ros2_ws/src/ros2_swarm_demo' returned '0': PYTHONPATH=/home/user/ros2_ws/install/ros2_swarm_demo/lib/python3.8/site-packages:${PYTHONPATH} _=/usr/bin/env /usr/bin/python3 setup.py egg_info --egg-base ../../build/ros2_swarm_demo build --build-base /home/user/ros2_ws/build/ros2_swarm_demo/build install --prefix /home/user/ros2_ws/install/ros2_swarm_demo --record /home/user/ros2_ws/build/ros2_swarm_demo/install.log --single-version-externally-managed
